[themewagon.github.io/finanza/index.html]
[backblue.gif]
[fade.gif]
[index.html]
[themewagon.github.io/finanza/img/favicon.ico]
[cdnjs.cloudflare.com/ajax/libs/font-awesome/5.10.0/css/all.min.css]
[cdn.jsdelivr.net/npm/bootstrap-icons@1.4.1/font/bootstrap-icons.css]
[themewagon.github.io/finanza/lib/animate/animate.min.css]
[themewagon.github.io/finanza/lib/owlcarousel/assets/owl.carousel.min.css]
[themewagon.github.io/finanza/css/bootstrap.min.css]
[themewagon.github.io/finanza/css/style.css]
[themewagon.github.io/finanza/index-2.html]
[themewagon.github.io/finanza/about.html]
[themewagon.github.io/finanza/service.html]
[themewagon.github.io/finanza/project.html]
[themewagon.github.io/finanza/team.html]
[themewagon.github.io/finanza/feature.html]
[themewagon.github.io/finanza/testimonial.html]
[themewagon.github.io/finanza/404.html]
[themewagon.github.io/finanza/contact.html]
[themewagon.github.io/finanza/img/carousel-1.jpg]
[themewagon.github.io/finanza/img/carousel-2.jpg]
[themewagon.github.io/finanza/img/about.jpg]
[themewagon.github.io/finanza/img/service-1.jpg]
[themewagon.github.io/finanza/img/service-2.jpg]
[themewagon.github.io/finanza/img/service-3.jpg]
[themewagon.github.io/finanza/img/service-4.jpg]
[themewagon.github.io/finanza/img/team-1.jpg]
[themewagon.github.io/finanza/img/team-2.jpg]
[themewagon.github.io/finanza/img/team-3.jpg]
[themewagon.github.io/finanza/img/testimonial-1.jpg]
[themewagon.github.io/finanza/img/testimonial-2.jpg]
[themewagon.github.io/finanza/img/testimonial-3.jpg]
[themewagon.github.io/finanza/img/testimonial-4.jpg]
[code.jquery.com/jquery-3.4.1.min.js]
[cdn.jsdelivr.net/npm/bootstrap@5.0.0/dist/js/bootstrap.bundle.min.js]
[themewagon.github.io/finanza/lib/wow/wow.min.js]
[themewagon.github.io/finanza/lib/easing/easing.min.js]
[themewagon.github.io/finanza/lib/waypoints/waypoints.min.js]
[themewagon.github.io/finanza/lib/owlcarousel/owl.carousel.min.js]
[themewagon.github.io/finanza/lib/counterup/counterup.min.js]
[themewagon.github.io/finanza/js/main.js]
[themewagon.github.io/finanza/index.html]
[themewagon.github.io/finanza/img/favicon.html]
[cdnjs.cloudflare.com/ajax/libs/font-awesome/5.10.0/css/all.min.css]
[cdn.jsdelivr.net/npm/bootstrap-icons@1.4.1/font/fonts/bootstrap-iconsfb95.woff2]
[cdn.jsdelivr.net/npm/bootstrap-icons@1.4.1/font/fonts/bootstrap-iconsfb95.woff]
[cdn.jsdelivr.net/npm/bootstrap-icons@1.4.1/font/bootstrap-icons.css]
[themewagon.github.io/finanza/lib/animate/animate.min.css]
[themewagon.github.io/finanza/lib/owlcarousel/assets/owl.video.play.png]
[themewagon.github.io/finanza/lib/owlcarousel/assets/owl.carousel.min.css]
[themewagon.github.io/finanza/css/bootstrap.min.css]
[themewagon.github.io/finanza/img/header.jpg]
[themewagon.github.io/finanza/img/bg.png]
[themewagon.github.io/finanza/css/style.css]
[themewagon.github.io/finanza/index-2.html]
[themewagon.github.io/finanza/about.html]
[themewagon.github.io/finanza/service.html]
[themewagon.github.io/finanza/project.html]
[themewagon.github.io/finanza/feature.html]
[themewagon.github.io/finanza/team.html]
[themewagon.github.io/finanza/testimonial.html]
[themewagon.github.io/finanza/404.html]
[themewagon.github.io/finanza/contact.html]
